<html>
<head>
<title>TestNG:  LoginTest</title>
<link href="../testng.css" rel="stylesheet" type="text/css" />
<link href="../my-testng.css" rel="stylesheet" type="text/css" />

<style type="text/css">
.log { display: none;} 
.stack-trace { display: none;} 
</style>
<script type="text/javascript">
<!--
function flip(e) {
  current = e.style.display;
  if (current == 'block') {
    e.style.display = 'none';
    return 0;
  }
  else {
    e.style.display = 'block';
    return 1;
  }
}

function toggleBox(szDivId, elem, msg1, msg2)
{
  var res = -1;  if (document.getElementById) {
    res = flip(document.getElementById(szDivId));
  }
  else if (document.all) {
    // this is the way old msie versions work
    res = flip(document.all[szDivId]);
  }
  if(elem) {
    if(res == 0) elem.innerHTML = msg1; else elem.innerHTML = msg2;
  }

}

function toggleAllBoxes() {
  if (document.getElementsByTagName) {
    d = document.getElementsByTagName('div');
    for (i = 0; i < d.length; i++) {
      if (d[i].className == 'log') {
        flip(d[i]);
      }
    }
  }
}

// -->
</script>

</head>
<body>
<h2 align='center'>LoginTest</h2><table border='1' align="center">
<tr>
<td>Tests passed/Failed/Skipped:</td><td>0/0/1</td>
</tr><tr>
<td>Started on:</td><td>Wed Feb 10 19:56:14 CAT 2021</td>
</tr>
<tr><td>Total time:</td><td>0 seconds (259 ms)</td>
</tr><tr>
<td>Included groups:</td><td></td>
</tr><tr>
<td>Excluded groups:</td><td></td>
</tr>
</table><p/>
<small><i>(Hover the method name to see the test class name)</i></small><p/>
<table width='100%' border='1' class='invocation-failed'>
<tr><td colspan='4' align='center'><b>FAILED CONFIGURATIONS</b></td></tr>
<tr><td><b>Test method</b></td>
<td width="30%"><b>Exception</b></td>
<td width="10%"><b>Time (seconds)</b></td>
<td><b>Instance</b></td>
</tr>
<tr>
<td title='SoftwareTestingAssesment.TestCases.LoginTest.setUp()'><b>setUp</b><br>Test class: SoftwareTestingAssesment.TestCases.LoginTest</td>
<td><div><pre>org.openqa.selenium.SessionNotCreatedException: session not created
from timeout: Timed out receiving message from renderer: 600.000
  (Session info: chrome=87.0.4280.141)
Build info: version: &apos;3.141.59&apos;, revision: &apos;e82be7d358&apos;, time: &apos;2018-11-14T08:17:03&apos;
System info: host: &apos;DESKTOP-VKFFR14&apos;, ip: &apos;192.168.101.245&apos;, os.name: &apos;Windows 10&apos;, os.arch: &apos;amd64&apos;, os.version: &apos;10.0&apos;, java.version: &apos;11&apos;
Driver info: driver.version: ChromeDriver
remote stacktrace: Backtrace:
	Ordinal0 [0x00F5C0C3+3326147]
	Ordinal0 [0x00E40851+2164817]
	Ordinal0 [0x00CC7298+619160]
	Ordinal0 [0x00CBB17F+569727]
	Ordinal0 [0x00CBA421+566305]
	Ordinal0 [0x00CBA815+567317]
	Ordinal0 [0x00CBA135+565557]
	Ordinal0 [0x00CC38B1+604337]
	Ordinal0 [0x00CBA0F1+565489]
	Ordinal0 [0x00CBAEA2+568994]
	Ordinal0 [0x00CBA421+566305]
	Ordinal0 [0x00CBA815+567317]
	Ordinal0 [0x00CBA135+565557]
	Ordinal0 [0x00CC1D2C+597292]
	Ordinal0 [0x00CBA0F1+565489]
	Ordinal0 [0x00CBAEA2+568994]
	Ordinal0 [0x00CBA421+566305]
	Ordinal0 [0x00CBA815+567317]
	Ordinal0 [0x00CBA135+565557]
	Ordinal0 [0x00CBFE62+589410]
	Ordinal0 [0x00CBA0F1+565489]
	Ordinal0 [0x00CBAEA2+568994]
	Ordinal0 [0x00CBA421+566305]
	Ordinal0 [0x00CBA815+567317]
	Ordinal0 [0x00CBA135+565557]
	Ordinal0 [0x00CBF075+585845]
	Ordinal0 [0x00CBA0F1+565489]
	Ordinal0 [0x00CBAEA2+568994]
	Ordinal0 [0x00CBA421+566305]
	Ordinal0 [0x00CBA815+567317]
	Ordinal0 [0x00CBA135+565557]
	Ordinal0 [0x00CB6776+550774]
	Ordinal0 [0x00CBA0F1+565489]
	Ordinal0 [0x00CB9F13+565011]
	Ordinal0 [0x00CB9D07+564487]
	Ordinal0 [0x00CC82C0+623296]
	Ordinal0 [0x00C66BDD+224221]
	Ordinal0 [0x00C65CAC+220332]
	Ordinal0 [0x00C6189B+202907]
	Ordinal0 [0x00C43DF4+81396]
	Ordinal0 [0x00C44DEE+85486]
	Ordinal0 [0x00C44D79+85369]
	Ordinal0 [0x00E585DC+2262492]
	GetHandleVerifier [0x010E2874+1487204]
	GetHandleVerifier [0x010E23CD+1486013]
	GetHandleVerifier [0x010EA368+1518680]
	GetHandleVerifier [0x010E2F4E+1488958]
	Ordinal0 [0x00E4ED0D+2223373]
	Ordinal0 [0x00E5A12B+2269483]
	Ordinal0 [0x00E5A26F+2269807]
	Ordinal0 [0x00E6ECB8+2354360]
	BaseThreadInitThunk [0x7693FA29+25]
	RtlGetAppContainerNamedObjectPath [0x77BF75F4+228]
	RtlGetAppContainerNamedObjectPath [0x77BF75C4+180]

	at org.openqa.selenium.remote.W3CHandshakeResponse.lambda$errorHandler$0(W3CHandshakeResponse.java:62)
	at org.openqa.selenium.remote.HandshakeResponse.lambda$getResponseFunction$0(HandshakeResponse.java:30)
	at org.openqa.selenium.remote.ProtocolHandshake.lambda$createSession$0(ProtocolHandshake.java:126)
	at java.base/java.util.stream.ReferencePipeline$3$1.accept(ReferencePipeline.java:195)
	at java.base/java.util.Spliterators$ArraySpliterator.tryAdvance(Spliterators.java:958)
	at java.base/java.util.stream.ReferencePipeline.forEachWithCancel(ReferencePipeline.java:127)
	at java.base/java.util.stream.AbstractPipeline.copyIntoWithCancel(AbstractPipeline.java:502)
	at java.base/java.util.stream.AbstractPipeline.copyInto(AbstractPipeline.java:488)
	at java.base/java.util.stream.AbstractPipeline.wrapAndCopyInto(AbstractPipeline.java:474)
	at java.base/java.util.stream.FindOps$FindOp.evaluateSequential(FindOps.java:150)
	at java.base/java.util.stream.AbstractPipeline.evaluate(AbstractPipeline.java:234)
	at java.base/java.util.stream.ReferencePipeline.findFirst(ReferencePipeline.java:543)
	at org.openqa.selenium.remote.ProtocolHandshake.createSession(ProtocolHandshake.java:128)
	at org.openqa.selenium.remote.ProtocolHandshake.createSession(ProtocolHandshake.java:74)
	at org.openqa.selenium.remote.HttpCommandExecutor.execute(HttpCommandExecutor.java:136)
	at org.openqa.selenium.remote.service.DriverCommandExecutor.execute(DriverCommandExecutor.java:83)
	at org.openqa.selenium.remote.RemoteWebDriver.execute(RemoteWebDriver.java:552)
	at org.openqa.selenium.remote.RemoteWebDriver.startSession(RemoteWebDriver.java:213)
	at org.openqa.selenium.remote.RemoteWebDriver.&lt;init&gt;(RemoteWebDriver.java:131)
	at org.openqa.selenium.chrome.ChromeDriver.&lt;init&gt;(ChromeDriver.java:181)
	at org.openqa.selenium.chrome.ChromeDriver.&lt;init&gt;(ChromeDriver.java:168)
	at org.openqa.selenium.chrome.ChromeDriver.&lt;init&gt;(ChromeDriver.java:123)
	at SoftwareTestingAssesment.base.TestBase.setUp(TestBase.java:66)
... Removed 27 stack frames</pre></div><a href='#' onClick='toggleBox("stack-trace1533547487", this, "Click to show all stack frames", "Click to hide stack frames")'>Click to show all stack frames</a>
<div class='stack-trace' id='stack-trace1533547487'><pre>org.openqa.selenium.SessionNotCreatedException: session not created
from timeout: Timed out receiving message from renderer: 600.000
  (Session info: chrome=87.0.4280.141)
Build info: version: &apos;3.141.59&apos;, revision: &apos;e82be7d358&apos;, time: &apos;2018-11-14T08:17:03&apos;
System info: host: &apos;DESKTOP-VKFFR14&apos;, ip: &apos;192.168.101.245&apos;, os.name: &apos;Windows 10&apos;, os.arch: &apos;amd64&apos;, os.version: &apos;10.0&apos;, java.version: &apos;11&apos;
Driver info: driver.version: ChromeDriver
remote stacktrace: Backtrace:
	Ordinal0 [0x00F5C0C3+3326147]
	Ordinal0 [0x00E40851+2164817]
	Ordinal0 [0x00CC7298+619160]
	Ordinal0 [0x00CBB17F+569727]
	Ordinal0 [0x00CBA421+566305]
	Ordinal0 [0x00CBA815+567317]
	Ordinal0 [0x00CBA135+565557]
	Ordinal0 [0x00CC38B1+604337]
	Ordinal0 [0x00CBA0F1+565489]
	Ordinal0 [0x00CBAEA2+568994]
	Ordinal0 [0x00CBA421+566305]
	Ordinal0 [0x00CBA815+567317]
	Ordinal0 [0x00CBA135+565557]
	Ordinal0 [0x00CC1D2C+597292]
	Ordinal0 [0x00CBA0F1+565489]
	Ordinal0 [0x00CBAEA2+568994]
	Ordinal0 [0x00CBA421+566305]
	Ordinal0 [0x00CBA815+567317]
	Ordinal0 [0x00CBA135+565557]
	Ordinal0 [0x00CBFE62+589410]
	Ordinal0 [0x00CBA0F1+565489]
	Ordinal0 [0x00CBAEA2+568994]
	Ordinal0 [0x00CBA421+566305]
	Ordinal0 [0x00CBA815+567317]
	Ordinal0 [0x00CBA135+565557]
	Ordinal0 [0x00CBF075+585845]
	Ordinal0 [0x00CBA0F1+565489]
	Ordinal0 [0x00CBAEA2+568994]
	Ordinal0 [0x00CBA421+566305]
	Ordinal0 [0x00CBA815+567317]
	Ordinal0 [0x00CBA135+565557]
	Ordinal0 [0x00CB6776+550774]
	Ordinal0 [0x00CBA0F1+565489]
	Ordinal0 [0x00CB9F13+565011]
	Ordinal0 [0x00CB9D07+564487]
	Ordinal0 [0x00CC82C0+623296]
	Ordinal0 [0x00C66BDD+224221]
	Ordinal0 [0x00C65CAC+220332]
	Ordinal0 [0x00C6189B+202907]
	Ordinal0 [0x00C43DF4+81396]
	Ordinal0 [0x00C44DEE+85486]
	Ordinal0 [0x00C44D79+85369]
	Ordinal0 [0x00E585DC+2262492]
	GetHandleVerifier [0x010E2874+1487204]
	GetHandleVerifier [0x010E23CD+1486013]
	GetHandleVerifier [0x010EA368+1518680]
	GetHandleVerifier [0x010E2F4E+1488958]
	Ordinal0 [0x00E4ED0D+2223373]
	Ordinal0 [0x00E5A12B+2269483]
	Ordinal0 [0x00E5A26F+2269807]
	Ordinal0 [0x00E6ECB8+2354360]
	BaseThreadInitThunk [0x7693FA29+25]
	RtlGetAppContainerNamedObjectPath [0x77BF75F4+228]
	RtlGetAppContainerNamedObjectPath [0x77BF75C4+180]

	at java.base/jdk.internal.reflect.NativeConstructorAccessorImpl.newInstance0(Native Method)
	at java.base/jdk.internal.reflect.NativeConstructorAccessorImpl.newInstance(NativeConstructorAccessorImpl.java:62)
	at java.base/jdk.internal.reflect.DelegatingConstructorAccessorImpl.newInstance(DelegatingConstructorAccessorImpl.java:45)
	at java.base/java.lang.reflect.Constructor.newInstance(Constructor.java:490)
	at org.openqa.selenium.remote.W3CHandshakeResponse.lambda$errorHandler$0(W3CHandshakeResponse.java:62)
	at org.openqa.selenium.remote.HandshakeResponse.lambda$getResponseFunction$0(HandshakeResponse.java:30)
	at org.openqa.selenium.remote.ProtocolHandshake.lambda$createSession$0(ProtocolHandshake.java:126)
	at java.base/java.util.stream.ReferencePipeline$3$1.accept(ReferencePipeline.java:195)
	at java.base/java.util.Spliterators$ArraySpliterator.tryAdvance(Spliterators.java:958)
	at java.base/java.util.stream.ReferencePipeline.forEachWithCancel(ReferencePipeline.java:127)
	at java.base/java.util.stream.AbstractPipeline.copyIntoWithCancel(AbstractPipeline.java:502)
	at java.base/java.util.stream.AbstractPipeline.copyInto(AbstractPipeline.java:488)
	at java.base/java.util.stream.AbstractPipeline.wrapAndCopyInto(AbstractPipeline.java:474)
	at java.base/java.util.stream.FindOps$FindOp.evaluateSequential(FindOps.java:150)
	at java.base/java.util.stream.AbstractPipeline.evaluate(AbstractPipeline.java:234)
	at java.base/java.util.stream.ReferencePipeline.findFirst(ReferencePipeline.java:543)
	at org.openqa.selenium.remote.ProtocolHandshake.createSession(ProtocolHandshake.java:128)
	at org.openqa.selenium.remote.ProtocolHandshake.createSession(ProtocolHandshake.java:74)
	at org.openqa.selenium.remote.HttpCommandExecutor.execute(HttpCommandExecutor.java:136)
	at org.openqa.selenium.remote.service.DriverCommandExecutor.execute(DriverCommandExecutor.java:83)
	at org.openqa.selenium.remote.RemoteWebDriver.execute(RemoteWebDriver.java:552)
	at org.openqa.selenium.remote.RemoteWebDriver.startSession(RemoteWebDriver.java:213)
	at org.openqa.selenium.remote.RemoteWebDriver.&lt;init&gt;(RemoteWebDriver.java:131)
	at org.openqa.selenium.chrome.ChromeDriver.&lt;init&gt;(ChromeDriver.java:181)
	at org.openqa.selenium.chrome.ChromeDriver.&lt;init&gt;(ChromeDriver.java:168)
	at org.openqa.selenium.chrome.ChromeDriver.&lt;init&gt;(ChromeDriver.java:123)
	at SoftwareTestingAssesment.base.TestBase.setUp(TestBase.java:66)
	at java.base/jdk.internal.reflect.NativeMethodAccessorImpl.invoke0(Native Method)
	at java.base/jdk.internal.reflect.NativeMethodAccessorImpl.invoke(NativeMethodAccessorImpl.java:62)
	at java.base/jdk.internal.reflect.DelegatingMethodAccessorImpl.invoke(DelegatingMethodAccessorImpl.java:43)
	at java.base/java.lang.reflect.Method.invoke(Method.java:566)
	at org.testng.internal.MethodInvocationHelper.invokeMethod(MethodInvocationHelper.java:124)
	at org.testng.internal.MethodInvocationHelper.invokeMethodConsideringTimeout(MethodInvocationHelper.java:59)
	at org.testng.internal.Invoker.invokeConfigurationMethod(Invoker.java:458)
	at org.testng.internal.Invoker.invokeConfigurations(Invoker.java:222)
	at org.testng.internal.Invoker.invokeConfigurations(Invoker.java:142)
	at org.testng.SuiteRunner.privateRun(SuiteRunner.java:401)
	at org.testng.SuiteRunner.run(SuiteRunner.java:364)
	at org.testng.SuiteRunnerWorker.runSuite(SuiteRunnerWorker.java:52)
	at org.testng.SuiteRunnerWorker.run(SuiteRunnerWorker.java:84)
	at org.testng.TestNG.runSuitesSequentially(TestNG.java:1208)
	at org.testng.TestNG.runSuitesLocally(TestNG.java:1137)
	at org.testng.TestNG.runSuites(TestNG.java:1049)
	at org.testng.TestNG.run(TestNG.java:1017)
	at org.apache.maven.surefire.testng.TestNGExecutor.run(TestNGExecutor.java:295)
	at org.apache.maven.surefire.testng.TestNGXmlTestSuite.execute(TestNGXmlTestSuite.java:84)
	at org.apache.maven.surefire.testng.TestNGProvider.invoke(TestNGProvider.java:90)
	at org.apache.maven.surefire.booter.ForkedBooter.invokeProviderInSameClassLoader(ForkedBooter.java:203)
	at org.apache.maven.surefire.booter.ForkedBooter.runSuitesInProcess(ForkedBooter.java:155)
	at org.apache.maven.surefire.booter.ForkedBooter.main(ForkedBooter.java:103)
</pre></div></td>
<td>604</td>
<td>SoftwareTestingAssesment.TestCases.LoginTest@51891008</td></tr>
</table><p>
<table width='100%' border='1' class='invocation-skipped'>
<tr><td colspan='4' align='center'><b>SKIPPED TESTS</b></td></tr>
<tr><td><b>Test method</b></td>
<td width="30%"><b>Exception</b></td>
<td width="10%"><b>Time (seconds)</b></td>
<td><b>Instance</b></td>
</tr>
<tr>
<td title='SoftwareTestingAssesment.TestCases.LoginTest.loginDemoSite()'><b>loginDemoSite</b><br>Test class: SoftwareTestingAssesment.TestCases.LoginTest</td>
<td><div><pre>org.openqa.selenium.SessionNotCreatedException: session not created
from timeout: Timed out receiving message from renderer: 600.000
  (Session info: chrome=87.0.4280.141)
Build info: version: &apos;3.141.59&apos;, revision: &apos;e82be7d358&apos;, time: &apos;2018-11-14T08:17:03&apos;
System info: host: &apos;DESKTOP-VKFFR14&apos;, ip: &apos;192.168.101.245&apos;, os.name: &apos;Windows 10&apos;, os.arch: &apos;amd64&apos;, os.version: &apos;10.0&apos;, java.version: &apos;11&apos;
Driver info: driver.version: ChromeDriver
remote stacktrace: Backtrace:
	Ordinal0 [0x00F5C0C3+3326147]
	Ordinal0 [0x00E40851+2164817]
	Ordinal0 [0x00CC7298+619160]
	Ordinal0 [0x00CBB17F+569727]
	Ordinal0 [0x00CBA421+566305]
	Ordinal0 [0x00CBA815+567317]
	Ordinal0 [0x00CBA135+565557]
	Ordinal0 [0x00CC38B1+604337]
	Ordinal0 [0x00CBA0F1+565489]
	Ordinal0 [0x00CBAEA2+568994]
	Ordinal0 [0x00CBA421+566305]
	Ordinal0 [0x00CBA815+567317]
	Ordinal0 [0x00CBA135+565557]
	Ordinal0 [0x00CC1D2C+597292]
	Ordinal0 [0x00CBA0F1+565489]
	Ordinal0 [0x00CBAEA2+568994]
	Ordinal0 [0x00CBA421+566305]
	Ordinal0 [0x00CBA815+567317]
	Ordinal0 [0x00CBA135+565557]
	Ordinal0 [0x00CBFE62+589410]
	Ordinal0 [0x00CBA0F1+565489]
	Ordinal0 [0x00CBAEA2+568994]
	Ordinal0 [0x00CBA421+566305]
	Ordinal0 [0x00CBA815+567317]
	Ordinal0 [0x00CBA135+565557]
	Ordinal0 [0x00CBF075+585845]
	Ordinal0 [0x00CBA0F1+565489]
	Ordinal0 [0x00CBAEA2+568994]
	Ordinal0 [0x00CBA421+566305]
	Ordinal0 [0x00CBA815+567317]
	Ordinal0 [0x00CBA135+565557]
	Ordinal0 [0x00CB6776+550774]
	Ordinal0 [0x00CBA0F1+565489]
	Ordinal0 [0x00CB9F13+565011]
	Ordinal0 [0x00CB9D07+564487]
	Ordinal0 [0x00CC82C0+623296]
	Ordinal0 [0x00C66BDD+224221]
	Ordinal0 [0x00C65CAC+220332]
	Ordinal0 [0x00C6189B+202907]
	Ordinal0 [0x00C43DF4+81396]
	Ordinal0 [0x00C44DEE+85486]
	Ordinal0 [0x00C44D79+85369]
	Ordinal0 [0x00E585DC+2262492]
	GetHandleVerifier [0x010E2874+1487204]
	GetHandleVerifier [0x010E23CD+1486013]
	GetHandleVerifier [0x010EA368+1518680]
	GetHandleVerifier [0x010E2F4E+1488958]
	Ordinal0 [0x00E4ED0D+2223373]
	Ordinal0 [0x00E5A12B+2269483]
	Ordinal0 [0x00E5A26F+2269807]
	Ordinal0 [0x00E6ECB8+2354360]
	BaseThreadInitThunk [0x7693FA29+25]
	RtlGetAppContainerNamedObjectPath [0x77BF75F4+228]
	RtlGetAppContainerNamedObjectPath [0x77BF75C4+180]

	at org.openqa.selenium.remote.W3CHandshakeResponse.lambda$errorHandler$0(W3CHandshakeResponse.java:62)
	at org.openqa.selenium.remote.HandshakeResponse.lambda$getResponseFunction$0(HandshakeResponse.java:30)
	at org.openqa.selenium.remote.ProtocolHandshake.lambda$createSession$0(ProtocolHandshake.java:126)
	at java.base/java.util.stream.ReferencePipeline$3$1.accept(ReferencePipeline.java:195)
	at java.base/java.util.Spliterators$ArraySpliterator.tryAdvance(Spliterators.java:958)
	at java.base/java.util.stream.ReferencePipeline.forEachWithCancel(ReferencePipeline.java:127)
	at java.base/java.util.stream.AbstractPipeline.copyIntoWithCancel(AbstractPipeline.java:502)
	at java.base/java.util.stream.AbstractPipeline.copyInto(AbstractPipeline.java:488)
	at java.base/java.util.stream.AbstractPipeline.wrapAndCopyInto(AbstractPipeline.java:474)
	at java.base/java.util.stream.FindOps$FindOp.evaluateSequential(FindOps.java:150)
	at java.base/java.util.stream.AbstractPipeline.evaluate(AbstractPipeline.java:234)
	at java.base/java.util.stream.ReferencePipeline.findFirst(ReferencePipeline.java:543)
	at org.openqa.selenium.remote.ProtocolHandshake.createSession(ProtocolHandshake.java:128)
	at org.openqa.selenium.remote.ProtocolHandshake.createSession(ProtocolHandshake.java:74)
	at org.openqa.selenium.remote.HttpCommandExecutor.execute(HttpCommandExecutor.java:136)
	at org.openqa.selenium.remote.service.DriverCommandExecutor.execute(DriverCommandExecutor.java:83)
	at org.openqa.selenium.remote.RemoteWebDriver.execute(RemoteWebDriver.java:552)
	at org.openqa.selenium.remote.RemoteWebDriver.startSession(RemoteWebDriver.java:213)
	at org.openqa.selenium.remote.RemoteWebDriver.&lt;init&gt;(RemoteWebDriver.java:131)
	at org.openqa.selenium.chrome.ChromeDriver.&lt;init&gt;(ChromeDriver.java:181)
	at org.openqa.selenium.chrome.ChromeDriver.&lt;init&gt;(ChromeDriver.java:168)
	at org.openqa.selenium.chrome.ChromeDriver.&lt;init&gt;(ChromeDriver.java:123)
	at SoftwareTestingAssesment.base.TestBase.setUp(TestBase.java:66)
... Removed 27 stack frames</pre></div><a href='#' onClick='toggleBox("stack-trace1802736936", this, "Click to show all stack frames", "Click to hide stack frames")'>Click to show all stack frames</a>
<div class='stack-trace' id='stack-trace1802736936'><pre>org.openqa.selenium.SessionNotCreatedException: session not created
from timeout: Timed out receiving message from renderer: 600.000
  (Session info: chrome=87.0.4280.141)
Build info: version: &apos;3.141.59&apos;, revision: &apos;e82be7d358&apos;, time: &apos;2018-11-14T08:17:03&apos;
System info: host: &apos;DESKTOP-VKFFR14&apos;, ip: &apos;192.168.101.245&apos;, os.name: &apos;Windows 10&apos;, os.arch: &apos;amd64&apos;, os.version: &apos;10.0&apos;, java.version: &apos;11&apos;
Driver info: driver.version: ChromeDriver
remote stacktrace: Backtrace:
	Ordinal0 [0x00F5C0C3+3326147]
	Ordinal0 [0x00E40851+2164817]
	Ordinal0 [0x00CC7298+619160]
	Ordinal0 [0x00CBB17F+569727]
	Ordinal0 [0x00CBA421+566305]
	Ordinal0 [0x00CBA815+567317]
	Ordinal0 [0x00CBA135+565557]
	Ordinal0 [0x00CC38B1+604337]
	Ordinal0 [0x00CBA0F1+565489]
	Ordinal0 [0x00CBAEA2+568994]
	Ordinal0 [0x00CBA421+566305]
	Ordinal0 [0x00CBA815+567317]
	Ordinal0 [0x00CBA135+565557]
	Ordinal0 [0x00CC1D2C+597292]
	Ordinal0 [0x00CBA0F1+565489]
	Ordinal0 [0x00CBAEA2+568994]
	Ordinal0 [0x00CBA421+566305]
	Ordinal0 [0x00CBA815+567317]
	Ordinal0 [0x00CBA135+565557]
	Ordinal0 [0x00CBFE62+589410]
	Ordinal0 [0x00CBA0F1+565489]
	Ordinal0 [0x00CBAEA2+568994]
	Ordinal0 [0x00CBA421+566305]
	Ordinal0 [0x00CBA815+567317]
	Ordinal0 [0x00CBA135+565557]
	Ordinal0 [0x00CBF075+585845]
	Ordinal0 [0x00CBA0F1+565489]
	Ordinal0 [0x00CBAEA2+568994]
	Ordinal0 [0x00CBA421+566305]
	Ordinal0 [0x00CBA815+567317]
	Ordinal0 [0x00CBA135+565557]
	Ordinal0 [0x00CB6776+550774]
	Ordinal0 [0x00CBA0F1+565489]
	Ordinal0 [0x00CB9F13+565011]
	Ordinal0 [0x00CB9D07+564487]
	Ordinal0 [0x00CC82C0+623296]
	Ordinal0 [0x00C66BDD+224221]
	Ordinal0 [0x00C65CAC+220332]
	Ordinal0 [0x00C6189B+202907]
	Ordinal0 [0x00C43DF4+81396]
	Ordinal0 [0x00C44DEE+85486]
	Ordinal0 [0x00C44D79+85369]
	Ordinal0 [0x00E585DC+2262492]
	GetHandleVerifier [0x010E2874+1487204]
	GetHandleVerifier [0x010E23CD+1486013]
	GetHandleVerifier [0x010EA368+1518680]
	GetHandleVerifier [0x010E2F4E+1488958]
	Ordinal0 [0x00E4ED0D+2223373]
	Ordinal0 [0x00E5A12B+2269483]
	Ordinal0 [0x00E5A26F+2269807]
	Ordinal0 [0x00E6ECB8+2354360]
	BaseThreadInitThunk [0x7693FA29+25]
	RtlGetAppContainerNamedObjectPath [0x77BF75F4+228]
	RtlGetAppContainerNamedObjectPath [0x77BF75C4+180]

	at java.base/jdk.internal.reflect.NativeConstructorAccessorImpl.newInstance0(Native Method)
	at java.base/jdk.internal.reflect.NativeConstructorAccessorImpl.newInstance(NativeConstructorAccessorImpl.java:62)
	at java.base/jdk.internal.reflect.DelegatingConstructorAccessorImpl.newInstance(DelegatingConstructorAccessorImpl.java:45)
	at java.base/java.lang.reflect.Constructor.newInstance(Constructor.java:490)
	at org.openqa.selenium.remote.W3CHandshakeResponse.lambda$errorHandler$0(W3CHandshakeResponse.java:62)
	at org.openqa.selenium.remote.HandshakeResponse.lambda$getResponseFunction$0(HandshakeResponse.java:30)
	at org.openqa.selenium.remote.ProtocolHandshake.lambda$createSession$0(ProtocolHandshake.java:126)
	at java.base/java.util.stream.ReferencePipeline$3$1.accept(ReferencePipeline.java:195)
	at java.base/java.util.Spliterators$ArraySpliterator.tryAdvance(Spliterators.java:958)
	at java.base/java.util.stream.ReferencePipeline.forEachWithCancel(ReferencePipeline.java:127)
	at java.base/java.util.stream.AbstractPipeline.copyIntoWithCancel(AbstractPipeline.java:502)
	at java.base/java.util.stream.AbstractPipeline.copyInto(AbstractPipeline.java:488)
	at java.base/java.util.stream.AbstractPipeline.wrapAndCopyInto(AbstractPipeline.java:474)
	at java.base/java.util.stream.FindOps$FindOp.evaluateSequential(FindOps.java:150)
	at java.base/java.util.stream.AbstractPipeline.evaluate(AbstractPipeline.java:234)
	at java.base/java.util.stream.ReferencePipeline.findFirst(ReferencePipeline.java:543)
	at org.openqa.selenium.remote.ProtocolHandshake.createSession(ProtocolHandshake.java:128)
	at org.openqa.selenium.remote.ProtocolHandshake.createSession(ProtocolHandshake.java:74)
	at org.openqa.selenium.remote.HttpCommandExecutor.execute(HttpCommandExecutor.java:136)
	at org.openqa.selenium.remote.service.DriverCommandExecutor.execute(DriverCommandExecutor.java:83)
	at org.openqa.selenium.remote.RemoteWebDriver.execute(RemoteWebDriver.java:552)
	at org.openqa.selenium.remote.RemoteWebDriver.startSession(RemoteWebDriver.java:213)
	at org.openqa.selenium.remote.RemoteWebDriver.&lt;init&gt;(RemoteWebDriver.java:131)
	at org.openqa.selenium.chrome.ChromeDriver.&lt;init&gt;(ChromeDriver.java:181)
	at org.openqa.selenium.chrome.ChromeDriver.&lt;init&gt;(ChromeDriver.java:168)
	at org.openqa.selenium.chrome.ChromeDriver.&lt;init&gt;(ChromeDriver.java:123)
	at SoftwareTestingAssesment.base.TestBase.setUp(TestBase.java:66)
	at java.base/jdk.internal.reflect.NativeMethodAccessorImpl.invoke0(Native Method)
	at java.base/jdk.internal.reflect.NativeMethodAccessorImpl.invoke(NativeMethodAccessorImpl.java:62)
	at java.base/jdk.internal.reflect.DelegatingMethodAccessorImpl.invoke(DelegatingMethodAccessorImpl.java:43)
	at java.base/java.lang.reflect.Method.invoke(Method.java:566)
	at org.testng.internal.MethodInvocationHelper.invokeMethod(MethodInvocationHelper.java:124)
	at org.testng.internal.MethodInvocationHelper.invokeMethodConsideringTimeout(MethodInvocationHelper.java:59)
	at org.testng.internal.Invoker.invokeConfigurationMethod(Invoker.java:458)
	at org.testng.internal.Invoker.invokeConfigurations(Invoker.java:222)
	at org.testng.internal.Invoker.invokeConfigurations(Invoker.java:142)
	at org.testng.SuiteRunner.privateRun(SuiteRunner.java:401)
	at org.testng.SuiteRunner.run(SuiteRunner.java:364)
	at org.testng.SuiteRunnerWorker.runSuite(SuiteRunnerWorker.java:52)
	at org.testng.SuiteRunnerWorker.run(SuiteRunnerWorker.java:84)
	at org.testng.TestNG.runSuitesSequentially(TestNG.java:1208)
	at org.testng.TestNG.runSuitesLocally(TestNG.java:1137)
	at org.testng.TestNG.runSuites(TestNG.java:1049)
	at org.testng.TestNG.run(TestNG.java:1017)
	at org.apache.maven.surefire.testng.TestNGExecutor.run(TestNGExecutor.java:295)
	at org.apache.maven.surefire.testng.TestNGXmlTestSuite.execute(TestNGXmlTestSuite.java:84)
	at org.apache.maven.surefire.testng.TestNGProvider.invoke(TestNGProvider.java:90)
	at org.apache.maven.surefire.booter.ForkedBooter.invokeProviderInSameClassLoader(ForkedBooter.java:203)
	at org.apache.maven.surefire.booter.ForkedBooter.runSuitesInProcess(ForkedBooter.java:155)
	at org.apache.maven.surefire.booter.ForkedBooter.main(ForkedBooter.java:103)
</pre></div></td>
<td>0</td>
<td>SoftwareTestingAssesment.TestCases.LoginTest@51891008</td></tr>
</table><p>
</body>
</html>