<?xml version="1.0" encoding="UTF-8"?>
<testng-results ignored="0" total="1" passed="0" failed="0" skipped="1">
  <reporter-output>
  </reporter-output>
  <suite started-at="2021-02-10T17:56:14Z" name="Demo assessment" finished-at="2021-02-10T17:56:14Z" duration-ms="259">
    <groups>
    </groups>
    <test started-at="2021-02-10T17:56:14Z" name="LoginTest" finished-at="2021-02-10T17:56:14Z" duration-ms="259">
      <class name="SoftwareTestingAssesment.TestCases.LoginTest">
        <test-method is-config="true" signature="setUp()[pri:0, instance:SoftwareTestingAssesment.TestCases.LoginTest@51891008]" started-at="2021-02-10T17:46:10Z" name="setUp" finished-at="2021-02-10T17:56:14Z" duration-ms="604199" status="FAIL">
          <exception class="org.openqa.selenium.SessionNotCreatedException">
            <message>
              <![CDATA[session not created
from timeout: Timed out receiving message from renderer: 600.000
  (Session info: chrome=87.0.4280.141)
Build info: version: '3.141.59', revision: 'e82be7d358', time: '2018-11-14T08:17:03'
System info: host: 'DESKTOP-VKFFR14', ip: '192.168.101.245', os.name: 'Windows 10', os.arch: 'amd64', os.version: '10.0', java.version: '11'
Driver info: driver.version: ChromeDriver
remote stacktrace: Backtrace:
Ordinal0 [0x00F5C0C3+3326147]
Ordinal0 [0x00E40851+2164817]
Ordinal0 [0x00CC7298+619160]
Ordinal0 [0x00CBB17F+569727]
Ordinal0 [0x00CBA421+566305]
Ordinal0 [0x00CBA815+567317]
Ordinal0 [0x00CBA135+565557]
Ordinal0 [0x00CC38B1+604337]
Ordinal0 [0x00CBA0F1+565489]
Ordinal0 [0x00CBAEA2+568994]
Ordinal0 [0x00CBA421+566305]
Ordinal0 [0x00CBA815+567317]
Ordinal0 [0x00CBA135+565557]
Ordinal0 [0x00CC1D2C+597292]
Ordinal0 [0x00CBA0F1+565489]
Ordinal0 [0x00CBAEA2+568994]
Ordinal0 [0x00CBA421+566305]
Ordinal0 [0x00CBA815+567317]
Ordinal0 [0x00CBA135+565557]
Ordinal0 [0x00CBFE62+589410]
Ordinal0 [0x00CBA0F1+565489]
Ordinal0 [0x00CBAEA2+568994]
Ordinal0 [0x00CBA421+566305]
Ordinal0 [0x00CBA815+567317]
Ordinal0 [0x00CBA135+565557]
Ordinal0 [0x00CBF075+585845]
Ordinal0 [0x00CBA0F1+565489]
Ordinal0 [0x00CBAEA2+568994]
Ordinal0 [0x00CBA421+566305]
Ordinal0 [0x00CBA815+567317]
Ordinal0 [0x00CBA135+565557]
Ordinal0 [0x00CB6776+550774]
Ordinal0 [0x00CBA0F1+565489]
Ordinal0 [0x00CB9F13+565011]
Ordinal0 [0x00CB9D07+564487]
Ordinal0 [0x00CC82C0+623296]
Ordinal0 [0x00C66BDD+224221]
Ordinal0 [0x00C65CAC+220332]
Ordinal0 [0x00C6189B+202907]
Ordinal0 [0x00C43DF4+81396]
Ordinal0 [0x00C44DEE+85486]
Ordinal0 [0x00C44D79+85369]
Ordinal0 [0x00E585DC+2262492]
GetHandleVerifier [0x010E2874+1487204]
GetHandleVerifier [0x010E23CD+1486013]
GetHandleVerifier [0x010EA368+1518680]
GetHandleVerifier [0x010E2F4E+1488958]
Ordinal0 [0x00E4ED0D+2223373]
Ordinal0 [0x00E5A12B+2269483]
Ordinal0 [0x00E5A26F+2269807]
Ordinal0 [0x00E6ECB8+2354360]
BaseThreadInitThunk [0x7693FA29+25]
RtlGetAppContainerNamedObjectPath [0x77BF75F4+228]
RtlGetAppContainerNamedObjectPath [0x77BF75C4+180]
]]>
            </message>
            <full-stacktrace>
              <![CDATA[org.openqa.selenium.SessionNotCreatedException: session not created
from timeout: Timed out receiving message from renderer: 600.000
  (Session info: chrome=87.0.4280.141)
Build info: version: '3.141.59', revision: 'e82be7d358', time: '2018-11-14T08:17:03'
System info: host: 'DESKTOP-VKFFR14', ip: '192.168.101.245', os.name: 'Windows 10', os.arch: 'amd64', os.version: '10.0', java.version: '11'
Driver info: driver.version: ChromeDriver
remote stacktrace: Backtrace:
Ordinal0 [0x00F5C0C3+3326147]
Ordinal0 [0x00E40851+2164817]
Ordinal0 [0x00CC7298+619160]
Ordinal0 [0x00CBB17F+569727]
Ordinal0 [0x00CBA421+566305]
Ordinal0 [0x00CBA815+567317]
Ordinal0 [0x00CBA135+565557]
Ordinal0 [0x00CC38B1+604337]
Ordinal0 [0x00CBA0F1+565489]
Ordinal0 [0x00CBAEA2+568994]
Ordinal0 [0x00CBA421+566305]
Ordinal0 [0x00CBA815+567317]
Ordinal0 [0x00CBA135+565557]
Ordinal0 [0x00CC1D2C+597292]
Ordinal0 [0x00CBA0F1+565489]
Ordinal0 [0x00CBAEA2+568994]
Ordinal0 [0x00CBA421+566305]
Ordinal0 [0x00CBA815+567317]
Ordinal0 [0x00CBA135+565557]
Ordinal0 [0x00CBFE62+589410]
Ordinal0 [0x00CBA0F1+565489]
Ordinal0 [0x00CBAEA2+568994]
Ordinal0 [0x00CBA421+566305]
Ordinal0 [0x00CBA815+567317]
Ordinal0 [0x00CBA135+565557]
Ordinal0 [0x00CBF075+585845]
Ordinal0 [0x00CBA0F1+565489]
Ordinal0 [0x00CBAEA2+568994]
Ordinal0 [0x00CBA421+566305]
Ordinal0 [0x00CBA815+567317]
Ordinal0 [0x00CBA135+565557]
Ordinal0 [0x00CB6776+550774]
Ordinal0 [0x00CBA0F1+565489]
Ordinal0 [0x00CB9F13+565011]
Ordinal0 [0x00CB9D07+564487]
Ordinal0 [0x00CC82C0+623296]
Ordinal0 [0x00C66BDD+224221]
Ordinal0 [0x00C65CAC+220332]
Ordinal0 [0x00C6189B+202907]
Ordinal0 [0x00C43DF4+81396]
Ordinal0 [0x00C44DEE+85486]
Ordinal0 [0x00C44D79+85369]
Ordinal0 [0x00E585DC+2262492]
GetHandleVerifier [0x010E2874+1487204]
GetHandleVerifier [0x010E23CD+1486013]
GetHandleVerifier [0x010EA368+1518680]
GetHandleVerifier [0x010E2F4E+1488958]
Ordinal0 [0x00E4ED0D+2223373]
Ordinal0 [0x00E5A12B+2269483]
Ordinal0 [0x00E5A26F+2269807]
Ordinal0 [0x00E6ECB8+2354360]
BaseThreadInitThunk [0x7693FA29+25]
RtlGetAppContainerNamedObjectPath [0x77BF75F4+228]
RtlGetAppContainerNamedObjectPath [0x77BF75C4+180]

at java.base/jdk.internal.reflect.NativeConstructorAccessorImpl.newInstance0(Native Method)
at java.base/jdk.internal.reflect.NativeConstructorAccessorImpl.newInstance(NativeConstructorAccessorImpl.java:62)
at java.base/jdk.internal.reflect.DelegatingConstructorAccessorImpl.newInstance(DelegatingConstructorAccessorImpl.java:45)
at java.base/java.lang.reflect.Constructor.newInstance(Constructor.java:490)
at org.openqa.selenium.remote.W3CHandshakeResponse.lambda$errorHandler$0(W3CHandshakeResponse.java:62)
at org.openqa.selenium.remote.HandshakeResponse.lambda$getResponseFunction$0(HandshakeResponse.java:30)
at org.openqa.selenium.remote.ProtocolHandshake.lambda$createSession$0(ProtocolHandshake.java:126)
at java.base/java.util.stream.ReferencePipeline$3$1.accept(ReferencePipeline.java:195)
at java.base/java.util.Spliterators$ArraySpliterator.tryAdvance(Spliterators.java:958)
at java.base/java.util.stream.ReferencePipeline.forEachWithCancel(ReferencePipeline.java:127)
at java.base/java.util.stream.AbstractPipeline.copyIntoWithCancel(AbstractPipeline.java:502)
at java.base/java.util.stream.AbstractPipeline.copyInto(AbstractPipeline.java:488)
at java.base/java.util.stream.AbstractPipeline.wrapAndCopyInto(AbstractPipeline.java:474)
at java.base/java.util.stream.FindOps$FindOp.evaluateSequential(FindOps.java:150)
at java.base/java.util.stream.AbstractPipeline.evaluate(AbstractPipeline.java:234)
at java.base/java.util.stream.ReferencePipeline.findFirst(ReferencePipeline.java:543)
at org.openqa.selenium.remote.ProtocolHandshake.createSession(ProtocolHandshake.java:128)
at org.openqa.selenium.remote.ProtocolHandshake.createSession(ProtocolHandshake.java:74)
at org.openqa.selenium.remote.HttpCommandExecutor.execute(HttpCommandExecutor.java:136)
at org.openqa.selenium.remote.service.DriverCommandExecutor.execute(DriverCommandExecutor.java:83)
at org.openqa.selenium.remote.RemoteWebDriver.execute(RemoteWebDriver.java:552)
at org.openqa.selenium.remote.RemoteWebDriver.startSession(RemoteWebDriver.java:213)
at org.openqa.selenium.remote.RemoteWebDriver.<init>(RemoteWebDriver.java:131)
at org.openqa.selenium.chrome.ChromeDriver.<init>(ChromeDriver.java:181)
at org.openqa.selenium.chrome.ChromeDriver.<init>(ChromeDriver.java:168)
at org.openqa.selenium.chrome.ChromeDriver.<init>(ChromeDriver.java:123)
at SoftwareTestingAssesment.base.TestBase.setUp(TestBase.java:66)
at java.base/jdk.internal.reflect.NativeMethodAccessorImpl.invoke0(Native Method)
at java.base/jdk.internal.reflect.NativeMethodAccessorImpl.invoke(NativeMethodAccessorImpl.java:62)
at java.base/jdk.internal.reflect.DelegatingMethodAccessorImpl.invoke(DelegatingMethodAccessorImpl.java:43)
at java.base/java.lang.reflect.Method.invoke(Method.java:566)
at org.testng.internal.MethodInvocationHelper.invokeMethod(MethodInvocationHelper.java:124)
at org.testng.internal.MethodInvocationHelper.invokeMethodConsideringTimeout(MethodInvocationHelper.java:59)
at org.testng.internal.Invoker.invokeConfigurationMethod(Invoker.java:458)
at org.testng.internal.Invoker.invokeConfigurations(Invoker.java:222)
at org.testng.internal.Invoker.invokeConfigurations(Invoker.java:142)
at org.testng.SuiteRunner.privateRun(SuiteRunner.java:401)
at org.testng.SuiteRunner.run(SuiteRunner.java:364)
at org.testng.SuiteRunnerWorker.runSuite(SuiteRunnerWorker.java:52)
at org.testng.SuiteRunnerWorker.run(SuiteRunnerWorker.java:84)
at org.testng.TestNG.runSuitesSequentially(TestNG.java:1208)
at org.testng.TestNG.runSuitesLocally(TestNG.java:1137)
at org.testng.TestNG.runSuites(TestNG.java:1049)
at org.testng.TestNG.run(TestNG.java:1017)
at org.apache.maven.surefire.testng.TestNGExecutor.run(TestNGExecutor.java:295)
at org.apache.maven.surefire.testng.TestNGXmlTestSuite.execute(TestNGXmlTestSuite.java:84)
at org.apache.maven.surefire.testng.TestNGProvider.invoke(TestNGProvider.java:90)
at org.apache.maven.surefire.booter.ForkedBooter.invokeProviderInSameClassLoader(ForkedBooter.java:203)
at org.apache.maven.surefire.booter.ForkedBooter.runSuitesInProcess(ForkedBooter.java:155)
at org.apache.maven.surefire.booter.ForkedBooter.main(ForkedBooter.java:103)
]]>
            </full-stacktrace>
          </exception> <!-- org.openqa.selenium.SessionNotCreatedException -->
          <reporter-output>
          </reporter-output>
        </test-method> <!-- setUp -->
        <test-method signature="loginDemoSite()[pri:0, instance:SoftwareTestingAssesment.TestCases.LoginTest@51891008]" started-at="2021-02-10T17:56:14Z" name="loginDemoSite" finished-at="2021-02-10T17:56:14Z" duration-ms="0" status="SKIP">
          <exception class="org.openqa.selenium.SessionNotCreatedException">
            <message>
              <![CDATA[session not created
from timeout: Timed out receiving message from renderer: 600.000
  (Session info: chrome=87.0.4280.141)
Build info: version: '3.141.59', revision: 'e82be7d358', time: '2018-11-14T08:17:03'
System info: host: 'DESKTOP-VKFFR14', ip: '192.168.101.245', os.name: 'Windows 10', os.arch: 'amd64', os.version: '10.0', java.version: '11'
Driver info: driver.version: ChromeDriver
remote stacktrace: Backtrace:
Ordinal0 [0x00F5C0C3+3326147]
Ordinal0 [0x00E40851+2164817]
Ordinal0 [0x00CC7298+619160]
Ordinal0 [0x00CBB17F+569727]
Ordinal0 [0x00CBA421+566305]
Ordinal0 [0x00CBA815+567317]
Ordinal0 [0x00CBA135+565557]
Ordinal0 [0x00CC38B1+604337]
Ordinal0 [0x00CBA0F1+565489]
Ordinal0 [0x00CBAEA2+568994]
Ordinal0 [0x00CBA421+566305]
Ordinal0 [0x00CBA815+567317]
Ordinal0 [0x00CBA135+565557]
Ordinal0 [0x00CC1D2C+597292]
Ordinal0 [0x00CBA0F1+565489]
Ordinal0 [0x00CBAEA2+568994]
Ordinal0 [0x00CBA421+566305]
Ordinal0 [0x00CBA815+567317]
Ordinal0 [0x00CBA135+565557]
Ordinal0 [0x00CBFE62+589410]
Ordinal0 [0x00CBA0F1+565489]
Ordinal0 [0x00CBAEA2+568994]
Ordinal0 [0x00CBA421+566305]
Ordinal0 [0x00CBA815+567317]
Ordinal0 [0x00CBA135+565557]
Ordinal0 [0x00CBF075+585845]
Ordinal0 [0x00CBA0F1+565489]
Ordinal0 [0x00CBAEA2+568994]
Ordinal0 [0x00CBA421+566305]
Ordinal0 [0x00CBA815+567317]
Ordinal0 [0x00CBA135+565557]
Ordinal0 [0x00CB6776+550774]
Ordinal0 [0x00CBA0F1+565489]
Ordinal0 [0x00CB9F13+565011]
Ordinal0 [0x00CB9D07+564487]
Ordinal0 [0x00CC82C0+623296]
Ordinal0 [0x00C66BDD+224221]
Ordinal0 [0x00C65CAC+220332]
Ordinal0 [0x00C6189B+202907]
Ordinal0 [0x00C43DF4+81396]
Ordinal0 [0x00C44DEE+85486]
Ordinal0 [0x00C44D79+85369]
Ordinal0 [0x00E585DC+2262492]
GetHandleVerifier [0x010E2874+1487204]
GetHandleVerifier [0x010E23CD+1486013]
GetHandleVerifier [0x010EA368+1518680]
GetHandleVerifier [0x010E2F4E+1488958]
Ordinal0 [0x00E4ED0D+2223373]
Ordinal0 [0x00E5A12B+2269483]
Ordinal0 [0x00E5A26F+2269807]
Ordinal0 [0x00E6ECB8+2354360]
BaseThreadInitThunk [0x7693FA29+25]
RtlGetAppContainerNamedObjectPath [0x77BF75F4+228]
RtlGetAppContainerNamedObjectPath [0x77BF75C4+180]
]]>
            </message>
            <full-stacktrace>
              <![CDATA[org.openqa.selenium.SessionNotCreatedException: session not created
from timeout: Timed out receiving message from renderer: 600.000
  (Session info: chrome=87.0.4280.141)
Build info: version: '3.141.59', revision: 'e82be7d358', time: '2018-11-14T08:17:03'
System info: host: 'DESKTOP-VKFFR14', ip: '192.168.101.245', os.name: 'Windows 10', os.arch: 'amd64', os.version: '10.0', java.version: '11'
Driver info: driver.version: ChromeDriver
remote stacktrace: Backtrace:
Ordinal0 [0x00F5C0C3+3326147]
Ordinal0 [0x00E40851+2164817]
Ordinal0 [0x00CC7298+619160]
Ordinal0 [0x00CBB17F+569727]
Ordinal0 [0x00CBA421+566305]
Ordinal0 [0x00CBA815+567317]
Ordinal0 [0x00CBA135+565557]
Ordinal0 [0x00CC38B1+604337]
Ordinal0 [0x00CBA0F1+565489]
Ordinal0 [0x00CBAEA2+568994]
Ordinal0 [0x00CBA421+566305]
Ordinal0 [0x00CBA815+567317]
Ordinal0 [0x00CBA135+565557]
Ordinal0 [0x00CC1D2C+597292]
Ordinal0 [0x00CBA0F1+565489]
Ordinal0 [0x00CBAEA2+568994]
Ordinal0 [0x00CBA421+566305]
Ordinal0 [0x00CBA815+567317]
Ordinal0 [0x00CBA135+565557]
Ordinal0 [0x00CBFE62+589410]
Ordinal0 [0x00CBA0F1+565489]
Ordinal0 [0x00CBAEA2+568994]
Ordinal0 [0x00CBA421+566305]
Ordinal0 [0x00CBA815+567317]
Ordinal0 [0x00CBA135+565557]
Ordinal0 [0x00CBF075+585845]
Ordinal0 [0x00CBA0F1+565489]
Ordinal0 [0x00CBAEA2+568994]
Ordinal0 [0x00CBA421+566305]
Ordinal0 [0x00CBA815+567317]
Ordinal0 [0x00CBA135+565557]
Ordinal0 [0x00CB6776+550774]
Ordinal0 [0x00CBA0F1+565489]
Ordinal0 [0x00CB9F13+565011]
Ordinal0 [0x00CB9D07+564487]
Ordinal0 [0x00CC82C0+623296]
Ordinal0 [0x00C66BDD+224221]
Ordinal0 [0x00C65CAC+220332]
Ordinal0 [0x00C6189B+202907]
Ordinal0 [0x00C43DF4+81396]
Ordinal0 [0x00C44DEE+85486]
Ordinal0 [0x00C44D79+85369]
Ordinal0 [0x00E585DC+2262492]
GetHandleVerifier [0x010E2874+1487204]
GetHandleVerifier [0x010E23CD+1486013]
GetHandleVerifier [0x010EA368+1518680]
GetHandleVerifier [0x010E2F4E+1488958]
Ordinal0 [0x00E4ED0D+2223373]
Ordinal0 [0x00E5A12B+2269483]
Ordinal0 [0x00E5A26F+2269807]
Ordinal0 [0x00E6ECB8+2354360]
BaseThreadInitThunk [0x7693FA29+25]
RtlGetAppContainerNamedObjectPath [0x77BF75F4+228]
RtlGetAppContainerNamedObjectPath [0x77BF75C4+180]

at java.base/jdk.internal.reflect.NativeConstructorAccessorImpl.newInstance0(Native Method)
at java.base/jdk.internal.reflect.NativeConstructorAccessorImpl.newInstance(NativeConstructorAccessorImpl.java:62)
at java.base/jdk.internal.reflect.DelegatingConstructorAccessorImpl.newInstance(DelegatingConstructorAccessorImpl.java:45)
at java.base/java.lang.reflect.Constructor.newInstance(Constructor.java:490)
at org.openqa.selenium.remote.W3CHandshakeResponse.lambda$errorHandler$0(W3CHandshakeResponse.java:62)
at org.openqa.selenium.remote.HandshakeResponse.lambda$getResponseFunction$0(HandshakeResponse.java:30)
at org.openqa.selenium.remote.ProtocolHandshake.lambda$createSession$0(ProtocolHandshake.java:126)
at java.base/java.util.stream.ReferencePipeline$3$1.accept(ReferencePipeline.java:195)
at java.base/java.util.Spliterators$ArraySpliterator.tryAdvance(Spliterators.java:958)
at java.base/java.util.stream.ReferencePipeline.forEachWithCancel(ReferencePipeline.java:127)
at java.base/java.util.stream.AbstractPipeline.copyIntoWithCancel(AbstractPipeline.java:502)
at java.base/java.util.stream.AbstractPipeline.copyInto(AbstractPipeline.java:488)
at java.base/java.util.stream.AbstractPipeline.wrapAndCopyInto(AbstractPipeline.java:474)
at java.base/java.util.stream.FindOps$FindOp.evaluateSequential(FindOps.java:150)
at java.base/java.util.stream.AbstractPipeline.evaluate(AbstractPipeline.java:234)
at java.base/java.util.stream.ReferencePipeline.findFirst(ReferencePipeline.java:543)
at org.openqa.selenium.remote.ProtocolHandshake.createSession(ProtocolHandshake.java:128)
at org.openqa.selenium.remote.ProtocolHandshake.createSession(ProtocolHandshake.java:74)
at org.openqa.selenium.remote.HttpCommandExecutor.execute(HttpCommandExecutor.java:136)
at org.openqa.selenium.remote.service.DriverCommandExecutor.execute(DriverCommandExecutor.java:83)
at org.openqa.selenium.remote.RemoteWebDriver.execute(RemoteWebDriver.java:552)
at org.openqa.selenium.remote.RemoteWebDriver.startSession(RemoteWebDriver.java:213)
at org.openqa.selenium.remote.RemoteWebDriver.<init>(RemoteWebDriver.java:131)
at org.openqa.selenium.chrome.ChromeDriver.<init>(ChromeDriver.java:181)
at org.openqa.selenium.chrome.ChromeDriver.<init>(ChromeDriver.java:168)
at org.openqa.selenium.chrome.ChromeDriver.<init>(ChromeDriver.java:123)
at SoftwareTestingAssesment.base.TestBase.setUp(TestBase.java:66)
at java.base/jdk.internal.reflect.NativeMethodAccessorImpl.invoke0(Native Method)
at java.base/jdk.internal.reflect.NativeMethodAccessorImpl.invoke(NativeMethodAccessorImpl.java:62)
at java.base/jdk.internal.reflect.DelegatingMethodAccessorImpl.invoke(DelegatingMethodAccessorImpl.java:43)
at java.base/java.lang.reflect.Method.invoke(Method.java:566)
at org.testng.internal.MethodInvocationHelper.invokeMethod(MethodInvocationHelper.java:124)
at org.testng.internal.MethodInvocationHelper.invokeMethodConsideringTimeout(MethodInvocationHelper.java:59)
at org.testng.internal.Invoker.invokeConfigurationMethod(Invoker.java:458)
at org.testng.internal.Invoker.invokeConfigurations(Invoker.java:222)
at org.testng.internal.Invoker.invokeConfigurations(Invoker.java:142)
at org.testng.SuiteRunner.privateRun(SuiteRunner.java:401)
at org.testng.SuiteRunner.run(SuiteRunner.java:364)
at org.testng.SuiteRunnerWorker.runSuite(SuiteRunnerWorker.java:52)
at org.testng.SuiteRunnerWorker.run(SuiteRunnerWorker.java:84)
at org.testng.TestNG.runSuitesSequentially(TestNG.java:1208)
at org.testng.TestNG.runSuitesLocally(TestNG.java:1137)
at org.testng.TestNG.runSuites(TestNG.java:1049)
at org.testng.TestNG.run(TestNG.java:1017)
at org.apache.maven.surefire.testng.TestNGExecutor.run(TestNGExecutor.java:295)
at org.apache.maven.surefire.testng.TestNGXmlTestSuite.execute(TestNGXmlTestSuite.java:84)
at org.apache.maven.surefire.testng.TestNGProvider.invoke(TestNGProvider.java:90)
at org.apache.maven.surefire.booter.ForkedBooter.invokeProviderInSameClassLoader(ForkedBooter.java:203)
at org.apache.maven.surefire.booter.ForkedBooter.runSuitesInProcess(ForkedBooter.java:155)
at org.apache.maven.surefire.booter.ForkedBooter.main(ForkedBooter.java:103)
]]>
            </full-stacktrace>
          </exception> <!-- org.openqa.selenium.SessionNotCreatedException -->
          <reporter-output>
          </reporter-output>
        </test-method> <!-- loginDemoSite -->
        <test-method is-config="true" signature="tearDown()[pri:0, instance:SoftwareTestingAssesment.TestCases.LoginTest@51891008]" started-at="2021-02-10T17:56:15Z" name="tearDown" finished-at="2021-02-10T17:56:15Z" duration-ms="0" status="SKIP">
          <reporter-output>
          </reporter-output>
        </test-method> <!-- tearDown -->
      </class> <!-- SoftwareTestingAssesment.TestCases.LoginTest -->
    </test> <!-- LoginTest -->
  </suite> <!-- Demo assessment -->
</testng-results>
